<?xml version="1.0" encoding="UTF-8"?>
<testsuite xmlns:xsi="http://www.w3.org/2001/XMLSchema-instance" xsi:noNamespaceSchemaLocation="https://maven.apache.org/surefire/maven-surefire-plugin/xsd/surefire-test-report.xsd" name="com.atguigu.springcloud.AppTest" time="0.088" tests="1" errors="0" skipped="0" failures="0">
  <properties>
    <property name="sun.desktop" value="windows"/>
    <property name="awt.toolkit" value="sun.awt.windows.WToolkit"/>
    <property name="file.encoding.pkg" value="sun.io"/>
    <property name="java.specification.version" value="1.8"/>
    <property name="sun.cpu.isalist" value="amd64"/>
    <property name="sun.jnu.encoding" value="GBK"/>
    <property name="java.class.path" value="C:\Users\2287315905\IdeaProjects\javamavenproject\tranaction01\target\test-classes;C:\Users\2287315905\IdeaProjects\javamavenproject\tranaction01\target\classes;D:\apache-maven-3.6.3\repo\junit\junit\4.11\junit-4.11.jar;D:\apache-maven-3.6.3\repo\org\hamcrest\hamcrest-core\2.1\hamcrest-core-2.1.jar;D:\apache-maven-3.6.3\repo\org\hamcrest\hamcrest\2.1\hamcrest-2.1.jar;D:\apache-maven-3.6.3\repo\org\apache\maven\plugins\maven-project-info-reports-plugin\3.0.0\maven-project-info-reports-plugin-3.0.0.jar;D:\apache-maven-3.6.3\repo\org\apache\maven\reporting\maven-reporting-api\3.0\maven-reporting-api-3.0.jar;D:\apache-maven-3.6.3\repo\org\apache\maven\reporting\maven-reporting-impl\3.0.0\maven-reporting-impl-3.0.0.jar;D:\apache-maven-3.6.3\repo\org\apache\maven\shared\maven-shared-utils\3.2.0\maven-shared-utils-3.2.0.jar;D:\apache-maven-3.6.3\repo\org\apache\maven\maven-artifact\3.0\maven-artifact-3.0.jar;D:\apache-maven-3.6.3\repo\org\apache\maven\maven-core\3.0\maven-core-3.0.jar;D:\apache-maven-3.6.3\repo\org\apache\maven\maven-settings-builder\3.0\maven-settings-builder-3.0.jar;D:\apache-maven-3.6.3\repo\org\apache\maven\maven-model-builder\3.0\maven-model-builder-3.0.jar;D:\apache-maven-3.6.3\repo\org\apache\maven\maven-aether-provider\3.0\maven-aether-provider-3.0.jar;D:\apache-maven-3.6.3\repo\org\sonatype\aether\aether-impl\1.7\aether-impl-1.7.jar;D:\apache-maven-3.6.3\repo\org\sonatype\aether\aether-spi\1.7\aether-spi-1.7.jar;D:\apache-maven-3.6.3\repo\org\sonatype\aether\aether-api\1.7\aether-api-1.7.jar;D:\apache-maven-3.6.3\repo\org\sonatype\aether\aether-util\1.7\aether-util-1.7.jar;D:\apache-maven-3.6.3\repo\org\sonatype\sisu\sisu-inject-plexus\1.4.2\sisu-inject-plexus-1.4.2.jar;D:\apache-maven-3.6.3\repo\org\sonatype\sisu\sisu-inject-bean\1.4.2\sisu-inject-bean-1.4.2.jar;D:\apache-maven-3.6.3\repo\org\sonatype\sisu\sisu-guice\2.1.7\sisu-guice-2.1.7-noaop.jar;D:\apache-maven-3.6.3\repo\org\codehaus\plexus\plexus-classworlds\2.2.3\plexus-classworlds-2.2.3.jar;D:\apache-maven-3.6.3\repo\org\codehaus\plexus\plexus-component-annotations\1.5.5\plexus-component-annotations-1.5.5.jar;D:\apache-maven-3.6.3\repo\org\sonatype\plexus\plexus-sec-dispatcher\1.3\plexus-sec-dispatcher-1.3.jar;D:\apache-maven-3.6.3\repo\org\sonatype\plexus\plexus-cipher\1.4\plexus-cipher-1.4.jar;D:\apache-maven-3.6.3\repo\org\apache\maven\maven-model\3.0\maven-model-3.0.jar;D:\apache-maven-3.6.3\repo\org\apache\maven\maven-plugin-api\3.0\maven-plugin-api-3.0.jar;D:\apache-maven-3.6.3\repo\org\apache\maven\maven-repository-metadata\3.0\maven-repository-metadata-3.0.jar;D:\apache-maven-3.6.3\repo\org\apache\maven\maven-settings\3.0\maven-settings-3.0.jar;D:\apache-maven-3.6.3\repo\org\apache\maven\shared\maven-dependency-tree\2.2\maven-dependency-tree-2.2.jar;D:\apache-maven-3.6.3\repo\org\eclipse\aether\aether-util\0.9.0.M2\aether-util-0.9.0.M2.jar;D:\apache-maven-3.6.3\repo\org\apache\maven\shared\maven-shared-jar\1.2\maven-shared-jar-1.2.jar;D:\apache-maven-3.6.3\repo\org\codehaus\plexus\plexus-digest\1.0\plexus-digest-1.0.jar;D:\apache-maven-3.6.3\repo\org\codehaus\plexus\plexus-container-default\1.0-alpha-8\plexus-container-default-1.0-alpha-8.jar;D:\apache-maven-3.6.3\repo\classworlds\classworlds\1.1-alpha-2\classworlds-1.1-alpha-2.jar;D:\apache-maven-3.6.3\repo\commons-collections\commons-collections\3.1\commons-collections-3.1.jar;D:\apache-maven-3.6.3\repo\org\apache\bcel\bcel\6.2\bcel-6.2.jar;D:\apache-maven-3.6.3\repo\org\apache\maven\shared\maven-common-artifact-filters\3.0.1\maven-common-artifact-filters-3.0.1.jar;D:\apache-maven-3.6.3\repo\org\apache\maven\shared\maven-artifact-transfer\0.9.1\maven-artifact-transfer-0.9.1.jar;D:\apache-maven-3.6.3\repo\commons-codec\commons-codec\1.13\commons-codec-1.13.jar;D:\apache-maven-3.6.3\repo\org\slf4j\slf4j-api\1.7.29\slf4j-api-1.7.29.jar;D:\apache-maven-3.6.3\repo\org\apache\maven\scm\maven-scm-api\1.10.0\maven-scm-api-1.10.0.jar;D:\apache-maven-3.6.3\repo\org\apache\maven\scm\maven-scm-manager-plexus\1.10.0\maven-scm-manager-plexus-1.10.0.jar;D:\apache-maven-3.6.3\repo\org\apache\maven\scm\maven-scm-provider-hg\1.10.0\maven-scm-provider-hg-1.10.0.jar;D:\apache-maven-3.6.3\repo\org\apache\maven\scm\maven-scm-provider-perforce\1.10.0\maven-scm-provider-perforce-1.10.0.jar;D:\apache-maven-3.6.3\repo\org\apache\maven\scm\maven-scm-provider-starteam\1.10.0\maven-scm-provider-starteam-1.10.0.jar;D:\apache-maven-3.6.3\repo\org\apache\maven\scm\maven-scm-provider-svn-commons\1.10.0\maven-scm-provider-svn-commons-1.10.0.jar;D:\apache-maven-3.6.3\repo\org\apache\maven\scm\maven-scm-provider-svnexe\1.10.0\maven-scm-provider-svnexe-1.10.0.jar;D:\apache-maven-3.6.3\repo\commons-lang\commons-lang\2.6\commons-lang-2.6.jar;D:\apache-maven-3.6.3\repo\org\apache\maven\scm\maven-scm-provider-cvs-commons\1.10.0\maven-scm-provider-cvs-commons-1.10.0.jar;D:\apache-maven-3.6.3\repo\org\apache\maven\scm\maven-scm-provider-cvsexe\1.10.0\maven-scm-provider-cvsexe-1.10.0.jar;D:\apache-maven-3.6.3\repo\org\apache\maven\scm\maven-scm-provider-cvsjava\1.10.0\maven-scm-provider-cvsjava-1.10.0.jar;D:\apache-maven-3.6.3\repo\org\netbeans\lib\cvsclient\20060125\cvsclient-20060125.jar;D:\apache-maven-3.6.3\repo\ch\ethz\ganymed\ganymed-ssh2\build210\ganymed-ssh2-build210.jar;D:\apache-maven-3.6.3\repo\org\apache\maven\scm\maven-scm-provider-git-commons\1.10.0\maven-scm-provider-git-commons-1.10.0.jar;D:\apache-maven-3.6.3\repo\org\apache\maven\scm\maven-scm-provider-gitexe\1.10.0\maven-scm-provider-gitexe-1.10.0.jar;D:\apache-maven-3.6.3\repo\commons-io\commons-io\2.2\commons-io-2.2.jar;D:\apache-maven-3.6.3\repo\org\apache\maven\doxia\doxia-sink-api\1.8\doxia-sink-api-1.8.jar;D:\apache-maven-3.6.3\repo\org\apache\maven\doxia\doxia-logging-api\1.8\doxia-logging-api-1.8.jar;D:\apache-maven-3.6.3\repo\org\apache\maven\doxia\doxia-core\1.8\doxia-core-1.8.jar;D:\apache-maven-3.6.3\repo\org\apache\commons\commons-lang3\3.9\commons-lang3-3.9.jar;D:\apache-maven-3.6.3\repo\org\apache\httpcomponents\httpclient\4.5.10\httpclient-4.5.10.jar;D:\apache-maven-3.6.3\repo\org\apache\httpcomponents\httpcore\4.4.12\httpcore-4.4.12.jar;D:\apache-maven-3.6.3\repo\org\apache\maven\doxia\doxia-decoration-model\1.8.1\doxia-decoration-model-1.8.1.jar;D:\apache-maven-3.6.3\repo\org\apache\maven\doxia\doxia-site-renderer\1.8.1\doxia-site-renderer-1.8.1.jar;D:\apache-maven-3.6.3\repo\org\apache\maven\doxia\doxia-skin-model\1.8.1\doxia-skin-model-1.8.1.jar;D:\apache-maven-3.6.3\repo\org\apache\maven\doxia\doxia-module-xhtml\1.8\doxia-module-xhtml-1.8.jar;D:\apache-maven-3.6.3\repo\org\codehaus\plexus\plexus-velocity\1.2\plexus-velocity-1.2.jar;D:\apache-maven-3.6.3\repo\org\apache\velocity\velocity\1.7\velocity-1.7.jar;D:\apache-maven-3.6.3\repo\org\apache\velocity\velocity-tools\2.0\velocity-tools-2.0.jar;D:\apache-maven-3.6.3\repo\commons-chain\commons-chain\1.1\commons-chain-1.1.jar;D:\apache-maven-3.6.3\repo\dom4j\dom4j\1.1\dom4j-1.1.jar;D:\apache-maven-3.6.3\repo\oro\oro\2.0.8\oro-2.0.8.jar;D:\apache-maven-3.6.3\repo\sslext\sslext\1.2-0\sslext-1.2-0.jar;D:\apache-maven-3.6.3\repo\org\apache\struts\struts-core\1.3.8\struts-core-1.3.8.jar;D:\apache-maven-3.6.3\repo\antlr\antlr\2.7.7\antlr-2.7.7.jar;D:\apache-maven-3.6.3\repo\org\apache\struts\struts-taglib\1.3.8\struts-taglib-1.3.8.jar;D:\apache-maven-3.6.3\repo\org\apache\struts\struts-tiles\1.3.8\struts-tiles-1.3.8.jar;D:\apache-maven-3.6.3\repo\org\apache\maven\doxia\doxia-integration-tools\1.8.1\doxia-integration-tools-1.8.1.jar;D:\apache-maven-3.6.3\repo\org\codehaus\plexus\plexus-i18n\1.0-beta-10\plexus-i18n-1.0-beta-10.jar;D:\apache-maven-3.6.3\repo\org\codehaus\plexus\plexus-utils\3.1.0\plexus-utils-3.1.0.jar;D:\apache-maven-3.6.3\repo\org\codehaus\plexus\plexus-interpolation\1.25\plexus-interpolation-1.25.jar;D:\apache-maven-3.6.3\repo\org\apache\maven\wagon\wagon-http-lightweight\3.1.0\wagon-http-lightweight-3.1.0.jar;D:\apache-maven-3.6.3\repo\org\apache\maven\wagon\wagon-http-shared\3.1.0\wagon-http-shared-3.1.0.jar;D:\apache-maven-3.6.3\repo\org\jsoup\jsoup\1.11.2\jsoup-1.11.2.jar;D:\apache-maven-3.6.3\repo\org\apache\maven\wagon\wagon-provider-api\3.1.0\wagon-provider-api-3.1.0.jar;D:\apache-maven-3.6.3\repo\commons-validator\commons-validator\1.6\commons-validator-1.6.jar;D:\apache-maven-3.6.3\repo\commons-beanutils\commons-beanutils\1.9.2\commons-beanutils-1.9.2.jar;D:\apache-maven-3.6.3\repo\commons-digester\commons-digester\1.8.1\commons-digester-1.8.1.jar;D:\apache-maven-3.6.3\repo\commons-logging\commons-logging\1.2\commons-logging-1.2.jar;D:\apache-maven-3.6.3\repo\mysql\mysql-connector-java\5.1.46\mysql-connector-java-5.1.46.jar;D:\apache-maven-3.6.3\repo\com\alibaba\druid\1.1.16\druid-1.1.16.jar;D:\apache-maven-3.6.3\repo\org\mybatis\spring\boot\mybatis-spring-boot-starter\2.0.0\mybatis-spring-boot-starter-2.0.0.jar;D:\apache-maven-3.6.3\repo\org\springframework\boot\spring-boot-starter\2.2.2.RELEASE\spring-boot-starter-2.2.2.RELEASE.jar;D:\apache-maven-3.6.3\repo\org\springframework\boot\spring-boot-starter-logging\2.2.2.RELEASE\spring-boot-starter-logging-2.2.2.RELEASE.jar;D:\apache-maven-3.6.3\repo\ch\qos\logback\logback-classic\1.2.3\logback-classic-1.2.3.jar;D:\apache-maven-3.6.3\repo\ch\qos\logback\logback-core\1.2.3\logback-core-1.2.3.jar;D:\apache-maven-3.6.3\repo\org\apache\logging\log4j\log4j-to-slf4j\2.12.1\log4j-to-slf4j-2.12.1.jar;D:\apache-maven-3.6.3\repo\org\apache\logging\log4j\log4j-api\2.12.1\log4j-api-2.12.1.jar;D:\apache-maven-3.6.3\repo\org\slf4j\jul-to-slf4j\1.7.29\jul-to-slf4j-1.7.29.jar;D:\apache-maven-3.6.3\repo\jakarta\annotation\jakarta.annotation-api\1.3.5\jakarta.annotation-api-1.3.5.jar;D:\apache-maven-3.6.3\repo\org\springframework\spring-core\5.2.2.RELEASE\spring-core-5.2.2.RELEASE.jar;D:\apache-maven-3.6.3\repo\org\springframework\spring-jcl\5.2.2.RELEASE\spring-jcl-5.2.2.RELEASE.jar;D:\apache-maven-3.6.3\repo\org\yaml\snakeyaml\1.25\snakeyaml-1.25.jar;D:\apache-maven-3.6.3\repo\org\springframework\boot\spring-boot-starter-jdbc\2.2.2.RELEASE\spring-boot-starter-jdbc-2.2.2.RELEASE.jar;D:\apache-maven-3.6.3\repo\com\zaxxer\HikariCP\3.4.1\HikariCP-3.4.1.jar;D:\apache-maven-3.6.3\repo\org\springframework\spring-jdbc\5.2.2.RELEASE\spring-jdbc-5.2.2.RELEASE.jar;D:\apache-maven-3.6.3\repo\org\springframework\spring-tx\5.2.2.RELEASE\spring-tx-5.2.2.RELEASE.jar;D:\apache-maven-3.6.3\repo\org\mybatis\spring\boot\mybatis-spring-boot-autoconfigure\2.0.0\mybatis-spring-boot-autoconfigure-2.0.0.jar;D:\apache-maven-3.6.3\repo\org\mybatis\mybatis\3.5.0\mybatis-3.5.0.jar;D:\apache-maven-3.6.3\repo\org\mybatis\mybatis-spring\2.0.0\mybatis-spring-2.0.0.jar;D:\apache-maven-3.6.3\repo\log4j\log4j\1.2.17\log4j-1.2.17.jar;D:\apache-maven-3.6.3\repo\org\springframework\boot\spring-boot-devtools\2.2.2.RELEASE\spring-boot-devtools-2.2.2.RELEASE.jar;D:\apache-maven-3.6.3\repo\org\springframework\boot\spring-boot\2.2.2.RELEASE\spring-boot-2.2.2.RELEASE.jar;D:\apache-maven-3.6.3\repo\org\springframework\spring-context\5.2.2.RELEASE\spring-context-5.2.2.RELEASE.jar;D:\apache-maven-3.6.3\repo\org\springframework\boot\spring-boot-autoconfigure\2.2.2.RELEASE\spring-boot-autoconfigure-2.2.2.RELEASE.jar;D:\apache-maven-3.6.3\repo\org\projectlombok\lombok\1.18.12\lombok-1.18.12.jar;D:\apache-maven-3.6.3\repo\org\springframework\boot\spring-boot-starter-web\2.2.2.RELEASE\spring-boot-starter-web-2.2.2.RELEASE.jar;D:\apache-maven-3.6.3\repo\org\springframework\boot\spring-boot-starter-json\2.2.2.RELEASE\spring-boot-starter-json-2.2.2.RELEASE.jar;D:\apache-maven-3.6.3\repo\com\fasterxml\jackson\core\jackson-databind\2.10.1\jackson-databind-2.10.1.jar;D:\apache-maven-3.6.3\repo\com\fasterxml\jackson\core\jackson-annotations\2.10.1\jackson-annotations-2.10.1.jar;D:\apache-maven-3.6.3\repo\com\fasterxml\jackson\core\jackson-core\2.10.1\jackson-core-2.10.1.jar;D:\apache-maven-3.6.3\repo\com\fasterxml\jackson\datatype\jackson-datatype-jdk8\2.10.1\jackson-datatype-jdk8-2.10.1.jar;D:\apache-maven-3.6.3\repo\com\fasterxml\jackson\datatype\jackson-datatype-jsr310\2.10.1\jackson-datatype-jsr310-2.10.1.jar;D:\apache-maven-3.6.3\repo\com\fasterxml\jackson\module\jackson-module-parameter-names\2.10.1\jackson-module-parameter-names-2.10.1.jar;D:\apache-maven-3.6.3\repo\org\springframework\boot\spring-boot-starter-tomcat\2.2.2.RELEASE\spring-boot-starter-tomcat-2.2.2.RELEASE.jar;D:\apache-maven-3.6.3\repo\org\apache\tomcat\embed\tomcat-embed-core\9.0.29\tomcat-embed-core-9.0.29.jar;D:\apache-maven-3.6.3\repo\org\apache\tomcat\embed\tomcat-embed-el\9.0.29\tomcat-embed-el-9.0.29.jar;D:\apache-maven-3.6.3\repo\org\apache\tomcat\embed\tomcat-embed-websocket\9.0.29\tomcat-embed-websocket-9.0.29.jar;D:\apache-maven-3.6.3\repo\org\springframework\boot\spring-boot-starter-validation\2.2.2.RELEASE\spring-boot-starter-validation-2.2.2.RELEASE.jar;D:\apache-maven-3.6.3\repo\jakarta\validation\jakarta.validation-api\2.0.1\jakarta.validation-api-2.0.1.jar;D:\apache-maven-3.6.3\repo\org\hibernate\validator\hibernate-validator\6.0.18.Final\hibernate-validator-6.0.18.Final.jar;D:\apache-maven-3.6.3\repo\org\jboss\logging\jboss-logging\3.4.1.Final\jboss-logging-3.4.1.Final.jar;D:\apache-maven-3.6.3\repo\com\fasterxml\classmate\1.5.1\classmate-1.5.1.jar;D:\apache-maven-3.6.3\repo\org\springframework\spring-web\5.2.2.RELEASE\spring-web-5.2.2.RELEASE.jar;D:\apache-maven-3.6.3\repo\org\springframework\spring-beans\5.2.2.RELEASE\spring-beans-5.2.2.RELEASE.jar;D:\apache-maven-3.6.3\repo\org\springframework\spring-webmvc\5.2.2.RELEASE\spring-webmvc-5.2.2.RELEASE.jar;D:\apache-maven-3.6.3\repo\org\springframework\spring-aop\5.2.2.RELEASE\spring-aop-5.2.2.RELEASE.jar;D:\apache-maven-3.6.3\repo\org\springframework\spring-expression\5.2.2.RELEASE\spring-expression-5.2.2.RELEASE.jar;"/>
    <property name="java.vm.vendor" value="Oracle Corporation"/>
    <property name="sun.arch.data.model" value="64"/>
    <property name="user.variant" value=""/>
    <property name="java.vendor.url" value="http://java.oracle.com/"/>
    <property name="user.timezone" value="Asia/Shanghai"/>
    <property name="java.vm.specification.version" value="1.8"/>
    <property name="os.name" value="Windows 10"/>
    <property name="user.country" value="CN"/>
    <property name="sun.java.launcher" value="SUN_STANDARD"/>
    <property name="sun.boot.library.path" value="C:\Program Files\Java\jdk1.8.0_241\jre\bin"/>
    <property name="sun.java.command" value="C:\Users\228731~1\AppData\Local\Temp\surefire4711301462171140875\surefirebooter7668086494978516044.jar C:\Users\2287315905\AppData\Local\Temp\surefire4711301462171140875 2020-08-15T18-12-21_481-jvmRun1 surefire2060313421927723331tmp surefire_04029419909565555699tmp"/>
    <property name="surefire.test.class.path" value="C:\Users\2287315905\IdeaProjects\javamavenproject\tranaction01\target\test-classes;C:\Users\2287315905\IdeaProjects\javamavenproject\tranaction01\target\classes;D:\apache-maven-3.6.3\repo\junit\junit\4.11\junit-4.11.jar;D:\apache-maven-3.6.3\repo\org\hamcrest\hamcrest-core\2.1\hamcrest-core-2.1.jar;D:\apache-maven-3.6.3\repo\org\hamcrest\hamcrest\2.1\hamcrest-2.1.jar;D:\apache-maven-3.6.3\repo\org\apache\maven\plugins\maven-project-info-reports-plugin\3.0.0\maven-project-info-reports-plugin-3.0.0.jar;D:\apache-maven-3.6.3\repo\org\apache\maven\reporting\maven-reporting-api\3.0\maven-reporting-api-3.0.jar;D:\apache-maven-3.6.3\repo\org\apache\maven\reporting\maven-reporting-impl\3.0.0\maven-reporting-impl-3.0.0.jar;D:\apache-maven-3.6.3\repo\org\apache\maven\shared\maven-shared-utils\3.2.0\maven-shared-utils-3.2.0.jar;D:\apache-maven-3.6.3\repo\org\apache\maven\maven-artifact\3.0\maven-artifact-3.0.jar;D:\apache-maven-3.6.3\repo\org\apache\maven\maven-core\3.0\maven-core-3.0.jar;D:\apache-maven-3.6.3\repo\org\apache\maven\maven-settings-builder\3.0\maven-settings-builder-3.0.jar;D:\apache-maven-3.6.3\repo\org\apache\maven\maven-model-builder\3.0\maven-model-builder-3.0.jar;D:\apache-maven-3.6.3\repo\org\apache\maven\maven-aether-provider\3.0\maven-aether-provider-3.0.jar;D:\apache-maven-3.6.3\repo\org\sonatype\aether\aether-impl\1.7\aether-impl-1.7.jar;D:\apache-maven-3.6.3\repo\org\sonatype\aether\aether-spi\1.7\aether-spi-1.7.jar;D:\apache-maven-3.6.3\repo\org\sonatype\aether\aether-api\1.7\aether-api-1.7.jar;D:\apache-maven-3.6.3\repo\org\sonatype\aether\aether-util\1.7\aether-util-1.7.jar;D:\apache-maven-3.6.3\repo\org\sonatype\sisu\sisu-inject-plexus\1.4.2\sisu-inject-plexus-1.4.2.jar;D:\apache-maven-3.6.3\repo\org\sonatype\sisu\sisu-inject-bean\1.4.2\sisu-inject-bean-1.4.2.jar;D:\apache-maven-3.6.3\repo\org\sonatype\sisu\sisu-guice\2.1.7\sisu-guice-2.1.7-noaop.jar;D:\apache-maven-3.6.3\repo\org\codehaus\plexus\plexus-classworlds\2.2.3\plexus-classworlds-2.2.3.jar;D:\apache-maven-3.6.3\repo\org\codehaus\plexus\plexus-component-annotations\1.5.5\plexus-component-annotations-1.5.5.jar;D:\apache-maven-3.6.3\repo\org\sonatype\plexus\plexus-sec-dispatcher\1.3\plexus-sec-dispatcher-1.3.jar;D:\apache-maven-3.6.3\repo\org\sonatype\plexus\plexus-cipher\1.4\plexus-cipher-1.4.jar;D:\apache-maven-3.6.3\repo\org\apache\maven\maven-model\3.0\maven-model-3.0.jar;D:\apache-maven-3.6.3\repo\org\apache\maven\maven-plugin-api\3.0\maven-plugin-api-3.0.jar;D:\apache-maven-3.6.3\repo\org\apache\maven\maven-repository-metadata\3.0\maven-repository-metadata-3.0.jar;D:\apache-maven-3.6.3\repo\org\apache\maven\maven-settings\3.0\maven-settings-3.0.jar;D:\apache-maven-3.6.3\repo\org\apache\maven\shared\maven-dependency-tree\2.2\maven-dependency-tree-2.2.jar;D:\apache-maven-3.6.3\repo\org\eclipse\aether\aether-util\0.9.0.M2\aether-util-0.9.0.M2.jar;D:\apache-maven-3.6.3\repo\org\apache\maven\shared\maven-shared-jar\1.2\maven-shared-jar-1.2.jar;D:\apache-maven-3.6.3\repo\org\codehaus\plexus\plexus-digest\1.0\plexus-digest-1.0.jar;D:\apache-maven-3.6.3\repo\org\codehaus\plexus\plexus-container-default\1.0-alpha-8\plexus-container-default-1.0-alpha-8.jar;D:\apache-maven-3.6.3\repo\classworlds\classworlds\1.1-alpha-2\classworlds-1.1-alpha-2.jar;D:\apache-maven-3.6.3\repo\commons-collections\commons-collections\3.1\commons-collections-3.1.jar;D:\apache-maven-3.6.3\repo\org\apache\bcel\bcel\6.2\bcel-6.2.jar;D:\apache-maven-3.6.3\repo\org\apache\maven\shared\maven-common-artifact-filters\3.0.1\maven-common-artifact-filters-3.0.1.jar;D:\apache-maven-3.6.3\repo\org\apache\maven\shared\maven-artifact-transfer\0.9.1\maven-artifact-transfer-0.9.1.jar;D:\apache-maven-3.6.3\repo\commons-codec\commons-codec\1.13\commons-codec-1.13.jar;D:\apache-maven-3.6.3\repo\org\slf4j\slf4j-api\1.7.29\slf4j-api-1.7.29.jar;D:\apache-maven-3.6.3\repo\org\apache\maven\scm\maven-scm-api\1.10.0\maven-scm-api-1.10.0.jar;D:\apache-maven-3.6.3\repo\org\apache\maven\scm\maven-scm-manager-plexus\1.10.0\maven-scm-manager-plexus-1.10.0.jar;D:\apache-maven-3.6.3\repo\org\apache\maven\scm\maven-scm-provider-hg\1.10.0\maven-scm-provider-hg-1.10.0.jar;D:\apache-maven-3.6.3\repo\org\apache\maven\scm\maven-scm-provider-perforce\1.10.0\maven-scm-provider-perforce-1.10.0.jar;D:\apache-maven-3.6.3\repo\org\apache\maven\scm\maven-scm-provider-starteam\1.10.0\maven-scm-provider-starteam-1.10.0.jar;D:\apache-maven-3.6.3\repo\org\apache\maven\scm\maven-scm-provider-svn-commons\1.10.0\maven-scm-provider-svn-commons-1.10.0.jar;D:\apache-maven-3.6.3\repo\org\apache\maven\scm\maven-scm-provider-svnexe\1.10.0\maven-scm-provider-svnexe-1.10.0.jar;D:\apache-maven-3.6.3\repo\commons-lang\commons-lang\2.6\commons-lang-2.6.jar;D:\apache-maven-3.6.3\repo\org\apache\maven\scm\maven-scm-provider-cvs-commons\1.10.0\maven-scm-provider-cvs-commons-1.10.0.jar;D:\apache-maven-3.6.3\repo\org\apache\maven\scm\maven-scm-provider-cvsexe\1.10.0\maven-scm-provider-cvsexe-1.10.0.jar;D:\apache-maven-3.6.3\repo\org\apache\maven\scm\maven-scm-provider-cvsjava\1.10.0\maven-scm-provider-cvsjava-1.10.0.jar;D:\apache-maven-3.6.3\repo\org\netbeans\lib\cvsclient\20060125\cvsclient-20060125.jar;D:\apache-maven-3.6.3\repo\ch\ethz\ganymed\ganymed-ssh2\build210\ganymed-ssh2-build210.jar;D:\apache-maven-3.6.3\repo\org\apache\maven\scm\maven-scm-provider-git-commons\1.10.0\maven-scm-provider-git-commons-1.10.0.jar;D:\apache-maven-3.6.3\repo\org\apache\maven\scm\maven-scm-provider-gitexe\1.10.0\maven-scm-provider-gitexe-1.10.0.jar;D:\apache-maven-3.6.3\repo\commons-io\commons-io\2.2\commons-io-2.2.jar;D:\apache-maven-3.6.3\repo\org\apache\maven\doxia\doxia-sink-api\1.8\doxia-sink-api-1.8.jar;D:\apache-maven-3.6.3\repo\org\apache\maven\doxia\doxia-logging-api\1.8\doxia-logging-api-1.8.jar;D:\apache-maven-3.6.3\repo\org\apache\maven\doxia\doxia-core\1.8\doxia-core-1.8.jar;D:\apache-maven-3.6.3\repo\org\apache\commons\commons-lang3\3.9\commons-lang3-3.9.jar;D:\apache-maven-3.6.3\repo\org\apache\httpcomponents\httpclient\4.5.10\httpclient-4.5.10.jar;D:\apache-maven-3.6.3\repo\org\apache\httpcomponents\httpcore\4.4.12\httpcore-4.4.12.jar;D:\apache-maven-3.6.3\repo\org\apache\maven\doxia\doxia-decoration-model\1.8.1\doxia-decoration-model-1.8.1.jar;D:\apache-maven-3.6.3\repo\org\apache\maven\doxia\doxia-site-renderer\1.8.1\doxia-site-renderer-1.8.1.jar;D:\apache-maven-3.6.3\repo\org\apache\maven\doxia\doxia-skin-model\1.8.1\doxia-skin-model-1.8.1.jar;D:\apache-maven-3.6.3\repo\org\apache\maven\doxia\doxia-module-xhtml\1.8\doxia-module-xhtml-1.8.jar;D:\apache-maven-3.6.3\repo\org\codehaus\plexus\plexus-velocity\1.2\plexus-velocity-1.2.jar;D:\apache-maven-3.6.3\repo\org\apache\velocity\velocity\1.7\velocity-1.7.jar;D:\apache-maven-3.6.3\repo\org\apache\velocity\velocity-tools\2.0\velocity-tools-2.0.jar;D:\apache-maven-3.6.3\repo\commons-chain\commons-chain\1.1\commons-chain-1.1.jar;D:\apache-maven-3.6.3\repo\dom4j\dom4j\1.1\dom4j-1.1.jar;D:\apache-maven-3.6.3\repo\oro\oro\2.0.8\oro-2.0.8.jar;D:\apache-maven-3.6.3\repo\sslext\sslext\1.2-0\sslext-1.2-0.jar;D:\apache-maven-3.6.3\repo\org\apache\struts\struts-core\1.3.8\struts-core-1.3.8.jar;D:\apache-maven-3.6.3\repo\antlr\antlr\2.7.7\antlr-2.7.7.jar;D:\apache-maven-3.6.3\repo\org\apache\struts\struts-taglib\1.3.8\struts-taglib-1.3.8.jar;D:\apache-maven-3.6.3\repo\org\apache\struts\struts-tiles\1.3.8\struts-tiles-1.3.8.jar;D:\apache-maven-3.6.3\repo\org\apache\maven\doxia\doxia-integration-tools\1.8.1\doxia-integration-tools-1.8.1.jar;D:\apache-maven-3.6.3\repo\org\codehaus\plexus\plexus-i18n\1.0-beta-10\plexus-i18n-1.0-beta-10.jar;D:\apache-maven-3.6.3\repo\org\codehaus\plexus\plexus-utils\3.1.0\plexus-utils-3.1.0.jar;D:\apache-maven-3.6.3\repo\org\codehaus\plexus\plexus-interpolation\1.25\plexus-interpolation-1.25.jar;D:\apache-maven-3.6.3\repo\org\apache\maven\wagon\wagon-http-lightweight\3.1.0\wagon-http-lightweight-3.1.0.jar;D:\apache-maven-3.6.3\repo\org\apache\maven\wagon\wagon-http-shared\3.1.0\wagon-http-shared-3.1.0.jar;D:\apache-maven-3.6.3\repo\org\jsoup\jsoup\1.11.2\jsoup-1.11.2.jar;D:\apache-maven-3.6.3\repo\org\apache\maven\wagon\wagon-provider-api\3.1.0\wagon-provider-api-3.1.0.jar;D:\apache-maven-3.6.3\repo\commons-validator\commons-validator\1.6\commons-validator-1.6.jar;D:\apache-maven-3.6.3\repo\commons-beanutils\commons-beanutils\1.9.2\commons-beanutils-1.9.2.jar;D:\apache-maven-3.6.3\repo\commons-digester\commons-digester\1.8.1\commons-digester-1.8.1.jar;D:\apache-maven-3.6.3\repo\commons-logging\commons-logging\1.2\commons-logging-1.2.jar;D:\apache-maven-3.6.3\repo\mysql\mysql-connector-java\5.1.46\mysql-connector-java-5.1.46.jar;D:\apache-maven-3.6.3\repo\com\alibaba\druid\1.1.16\druid-1.1.16.jar;D:\apache-maven-3.6.3\repo\org\mybatis\spring\boot\mybatis-spring-boot-starter\2.0.0\mybatis-spring-boot-starter-2.0.0.jar;D:\apache-maven-3.6.3\repo\org\springframework\boot\spring-boot-starter\2.2.2.RELEASE\spring-boot-starter-2.2.2.RELEASE.jar;D:\apache-maven-3.6.3\repo\org\springframework\boot\spring-boot-starter-logging\2.2.2.RELEASE\spring-boot-starter-logging-2.2.2.RELEASE.jar;D:\apache-maven-3.6.3\repo\ch\qos\logback\logback-classic\1.2.3\logback-classic-1.2.3.jar;D:\apache-maven-3.6.3\repo\ch\qos\logback\logback-core\1.2.3\logback-core-1.2.3.jar;D:\apache-maven-3.6.3\repo\org\apache\logging\log4j\log4j-to-slf4j\2.12.1\log4j-to-slf4j-2.12.1.jar;D:\apache-maven-3.6.3\repo\org\apache\logging\log4j\log4j-api\2.12.1\log4j-api-2.12.1.jar;D:\apache-maven-3.6.3\repo\org\slf4j\jul-to-slf4j\1.7.29\jul-to-slf4j-1.7.29.jar;D:\apache-maven-3.6.3\repo\jakarta\annotation\jakarta.annotation-api\1.3.5\jakarta.annotation-api-1.3.5.jar;D:\apache-maven-3.6.3\repo\org\springframework\spring-core\5.2.2.RELEASE\spring-core-5.2.2.RELEASE.jar;D:\apache-maven-3.6.3\repo\org\springframework\spring-jcl\5.2.2.RELEASE\spring-jcl-5.2.2.RELEASE.jar;D:\apache-maven-3.6.3\repo\org\yaml\snakeyaml\1.25\snakeyaml-1.25.jar;D:\apache-maven-3.6.3\repo\org\springframework\boot\spring-boot-starter-jdbc\2.2.2.RELEASE\spring-boot-starter-jdbc-2.2.2.RELEASE.jar;D:\apache-maven-3.6.3\repo\com\zaxxer\HikariCP\3.4.1\HikariCP-3.4.1.jar;D:\apache-maven-3.6.3\repo\org\springframework\spring-jdbc\5.2.2.RELEASE\spring-jdbc-5.2.2.RELEASE.jar;D:\apache-maven-3.6.3\repo\org\springframework\spring-tx\5.2.2.RELEASE\spring-tx-5.2.2.RELEASE.jar;D:\apache-maven-3.6.3\repo\org\mybatis\spring\boot\mybatis-spring-boot-autoconfigure\2.0.0\mybatis-spring-boot-autoconfigure-2.0.0.jar;D:\apache-maven-3.6.3\repo\org\mybatis\mybatis\3.5.0\mybatis-3.5.0.jar;D:\apache-maven-3.6.3\repo\org\mybatis\mybatis-spring\2.0.0\mybatis-spring-2.0.0.jar;D:\apache-maven-3.6.3\repo\log4j\log4j\1.2.17\log4j-1.2.17.jar;D:\apache-maven-3.6.3\repo\org\springframework\boot\spring-boot-devtools\2.2.2.RELEASE\spring-boot-devtools-2.2.2.RELEASE.jar;D:\apache-maven-3.6.3\repo\org\springframework\boot\spring-boot\2.2.2.RELEASE\spring-boot-2.2.2.RELEASE.jar;D:\apache-maven-3.6.3\repo\org\springframework\spring-context\5.2.2.RELEASE\spring-context-5.2.2.RELEASE.jar;D:\apache-maven-3.6.3\repo\org\springframework\boot\spring-boot-autoconfigure\2.2.2.RELEASE\spring-boot-autoconfigure-2.2.2.RELEASE.jar;D:\apache-maven-3.6.3\repo\org\projectlombok\lombok\1.18.12\lombok-1.18.12.jar;D:\apache-maven-3.6.3\repo\org\springframework\boot\spring-boot-starter-web\2.2.2.RELEASE\spring-boot-starter-web-2.2.2.RELEASE.jar;D:\apache-maven-3.6.3\repo\org\springframework\boot\spring-boot-starter-json\2.2.2.RELEASE\spring-boot-starter-json-2.2.2.RELEASE.jar;D:\apache-maven-3.6.3\repo\com\fasterxml\jackson\core\jackson-databind\2.10.1\jackson-databind-2.10.1.jar;D:\apache-maven-3.6.3\repo\com\fasterxml\jackson\core\jackson-annotations\2.10.1\jackson-annotations-2.10.1.jar;D:\apache-maven-3.6.3\repo\com\fasterxml\jackson\core\jackson-core\2.10.1\jackson-core-2.10.1.jar;D:\apache-maven-3.6.3\repo\com\fasterxml\jackson\datatype\jackson-datatype-jdk8\2.10.1\jackson-datatype-jdk8-2.10.1.jar;D:\apache-maven-3.6.3\repo\com\fasterxml\jackson\datatype\jackson-datatype-jsr310\2.10.1\jackson-datatype-jsr310-2.10.1.jar;D:\apache-maven-3.6.3\repo\com\fasterxml\jackson\module\jackson-module-parameter-names\2.10.1\jackson-module-parameter-names-2.10.1.jar;D:\apache-maven-3.6.3\repo\org\springframework\boot\spring-boot-starter-tomcat\2.2.2.RELEASE\spring-boot-starter-tomcat-2.2.2.RELEASE.jar;D:\apache-maven-3.6.3\repo\org\apache\tomcat\embed\tomcat-embed-core\9.0.29\tomcat-embed-core-9.0.29.jar;D:\apache-maven-3.6.3\repo\org\apache\tomcat\embed\tomcat-embed-el\9.0.29\tomcat-embed-el-9.0.29.jar;D:\apache-maven-3.6.3\repo\org\apache\tomcat\embed\tomcat-embed-websocket\9.0.29\tomcat-embed-websocket-9.0.29.jar;D:\apache-maven-3.6.3\repo\org\springframework\boot\spring-boot-starter-validation\2.2.2.RELEASE\spring-boot-starter-validation-2.2.2.RELEASE.jar;D:\apache-maven-3.6.3\repo\jakarta\validation\jakarta.validation-api\2.0.1\jakarta.validation-api-2.0.1.jar;D:\apache-maven-3.6.3\repo\org\hibernate\validator\hibernate-validator\6.0.18.Final\hibernate-validator-6.0.18.Final.jar;D:\apache-maven-3.6.3\repo\org\jboss\logging\jboss-logging\3.4.1.Final\jboss-logging-3.4.1.Final.jar;D:\apache-maven-3.6.3\repo\com\fasterxml\classmate\1.5.1\classmate-1.5.1.jar;D:\apache-maven-3.6.3\repo\org\springframework\spring-web\5.2.2.RELEASE\spring-web-5.2.2.RELEASE.jar;D:\apache-maven-3.6.3\repo\org\springframework\spring-beans\5.2.2.RELEASE\spring-beans-5.2.2.RELEASE.jar;D:\apache-maven-3.6.3\repo\org\springframework\spring-webmvc\5.2.2.RELEASE\spring-webmvc-5.2.2.RELEASE.jar;D:\apache-maven-3.6.3\repo\org\springframework\spring-aop\5.2.2.RELEASE\spring-aop-5.2.2.RELEASE.jar;D:\apache-maven-3.6.3\repo\org\springframework\spring-expression\5.2.2.RELEASE\spring-expression-5.2.2.RELEASE.jar;"/>
    <property name="sun.cpu.endian" value="little"/>
    <property name="user.home" value="C:\Users\2287315905"/>
    <property name="user.language" value="zh"/>
    <property name="java.specification.vendor" value="Oracle Corporation"/>
    <property name="java.home" value="C:\Program Files\Java\jdk1.8.0_241\jre"/>
    <property name="basedir" value="C:\Users\2287315905\IdeaProjects\javamavenproject\tranaction01"/>
    <property name="file.separator" value="\"/>
    <property name="line.separator" value="&#10;"/>
    <property name="java.vm.specification.vendor" value="Oracle Corporation"/>
    <property name="java.specification.name" value="Java Platform API Specification"/>
    <property name="java.awt.graphicsenv" value="sun.awt.Win32GraphicsEnvironment"/>
    <property name="idea.version2020.1.3" value="true"/>
    <property name="surefire.real.class.path" value="C:\Users\228731~1\AppData\Local\Temp\surefire4711301462171140875\surefirebooter7668086494978516044.jar"/>
    <property name="sun.boot.class.path" value="C:\Program Files\Java\jdk1.8.0_241\jre\lib\resources.jar;C:\Program Files\Java\jdk1.8.0_241\jre\lib\rt.jar;C:\Program Files\Java\jdk1.8.0_241\jre\lib\sunrsasign.jar;C:\Program Files\Java\jdk1.8.0_241\jre\lib\jsse.jar;C:\Program Files\Java\jdk1.8.0_241\jre\lib\jce.jar;C:\Program Files\Java\jdk1.8.0_241\jre\lib\charsets.jar;C:\Program Files\Java\jdk1.8.0_241\jre\lib\jfr.jar;C:\Program Files\Java\jdk1.8.0_241\jre\classes"/>
    <property name="user.script" value=""/>
    <property name="sun.management.compiler" value="HotSpot 64-Bit Tiered Compilers"/>
    <property name="java.runtime.version" value="1.8.0_241-b07"/>
    <property name="user.name" value="2287315905"/>
    <property name="path.separator" value=";"/>
    <property name="os.version" value="10.0"/>
    <property name="java.endorsed.dirs" value="C:\Program Files\Java\jdk1.8.0_241\jre\lib\endorsed"/>
    <property name="java.runtime.name" value="Java(TM) SE Runtime Environment"/>
    <property name="file.encoding" value="GBK"/>
    <property name="java.vm.name" value="Java HotSpot(TM) 64-Bit Server VM"/>
    <property name="localRepository" value="D:\apache-maven-3.6.3\repo"/>
    <property name="java.vendor.url.bug" value="http://bugreport.sun.com/bugreport/"/>
    <property name="java.io.tmpdir" value="C:\Users\228731~1\AppData\Local\Temp\"/>
    <property name="java.version" value="1.8.0_241"/>
    <property name="user.dir" value="C:\Users\2287315905\IdeaProjects\javamavenproject\tranaction01"/>
    <property name="os.arch" value="amd64"/>
    <property name="java.vm.specification.name" value="Java Virtual Machine Specification"/>
    <property name="java.awt.printerjob" value="sun.awt.windows.WPrinterJob"/>
    <property name="sun.os.patch.level" value=""/>
    <property name="java.library.path" value="C:\Program Files\Java\jdk1.8.0_241\jre\bin;C:\Windows\Sun\Java\bin;C:\Windows\system32;C:\Windows;C:\Program Files (x86)\NetSarang\Xshell 6\;C:\Program Files (x86)\NetSarang\Xftp 6\;C:\Program Files (x86)\Common Files\Oracle\Java\javapath;C:\Windows\system32;C:\Windows;C:\Windows\System32\Wbem;C:\Windows\System32\WindowsPowerShell\v1.0\;C:\Windows\System32\OpenSSH\;C:\Program Files\Java\jdk1.8.0_241\bin;C:\Program Files\Java\jdk1.8.0_241\jre\bin;C:\Program Files\Git\cmd;C:\Program Files\TortoiseGit\bin;D:\mysql\mysql-5.7.31-winx64\bin;C:\Program Files (x86)\erl10.3\bin;%maven_home%\bin;C:\Users\2287315905\AppData\Local\Microsoft\WindowsApps;;."/>
    <property name="java.vm.info" value="mixed mode"/>
    <property name="java.vendor" value="Oracle Corporation"/>
    <property name="java.vm.version" value="25.241-b07"/>
    <property name="java.ext.dirs" value="C:\Program Files\Java\jdk1.8.0_241\jre\lib\ext;C:\Windows\Sun\Java\lib\ext"/>
    <property name="sun.io.unicode.encoding" value="UnicodeLittle"/>
    <property name="java.class.version" value="52.0"/>
  </properties>
  <testcase name="shouldAnswerWithTrue" classname="com.atguigu.springcloud.AppTest" time="0.004"/>
</testsuite>